# JRE version: OpenJDK Runtime Environment Temurin-18.0.1+10 (18.0.1+10) (build 18.0.1+10)
# Java VM: OpenJDK 64-Bit Server VM Temurin-18.0.1+10 (18.0.1+10, mixed mode, emulated-client, tiered, compressed oops, compressed class ptrs, g1 gc, windows-amd64)
GC Precious Log:
 CardTable entry size: 512
 Card Set container configuration: InlinePtr #cards 4 size 8 Array Of Cards #cards 16 size 48 Howl #buckets 8 coarsen threshold 3686 Howl Bitmap #cards 512 size 80 coarsen threshold 460 Card regions per heap region 1 cards per card region 4096
 CPUs: 8 total, 8 available
 Memory: 16134M
 Large Page Support: Disabled
 NUMA Support: Disabled
 Compressed Oops: Enabled (Zero based)
 Heap Region Size: 2M
 Heap Min Capacity: 8M
 Heap Initial Capacity: 254M
 Heap Max Capacity: 4034M
 Pre-touch: Disabled
 Parallel Workers: 8
 Concurrent Workers: 2
 Concurrent Refinement Workers: 8
 Periodic GC: Disabled
Heap:
 garbage-first heap   total 159744K, used 47192K [0x0000000703e00000, 0x0000000800000000)
  region size 2048K, 3 young (6144K), 3 survivors (6144K)
 Metaspace       used 96244K, committed 97088K, reserved 1179648K
  class space    used 11686K, committed 12096K, reserved 1048576K
GC Heap History (20 events):
Event: 3850.730 GC heap after
{Heap after GC invocations=91 (full 6):
 garbage-first heap   total 157696K, used 44736K [0x0000000703e00000, 0x0000000800000000)
  region size 2048K, 4 young (8192K), 4 survivors (8192K)
 Metaspace       used 93379K, committed 94208K, reserved 1179648K
  class space    used 11474K, committed 11904K, reserved 1048576K
}
Event: 3851.158 GC heap before
{Heap before GC invocations=91 (full 6):
 garbage-first heap   total 157696K, used 120512K [0x0000000703e00000, 0x0000000800000000)
  region size 2048K, 41 young (83968K), 4 survivors (8192K)
 Metaspace       used 93710K, committed 94528K, reserved 1179648K
  class space    used 11493K, committed 11904K, reserved 1048576K
}
Event: 3851.165 GC heap after
{Heap after GC invocations=92 (full 6):
 garbage-first heap   total 157696K, used 46641K [0x0000000703e00000, 0x0000000800000000)
  region size 2048K, 4 young (8192K), 4 survivors (8192K)
 Metaspace       used 93710K, committed 94528K, reserved 1179648K
  class space    used 11493K, committed 11904K, reserved 1048576K
}
Event: 3852.038 GC heap before
{Heap before GC invocations=92 (full 6):
 garbage-first heap   total 157696K, used 124465K [0x0000000703e00000, 0x0000000800000000)
  region size 2048K, 42 young (86016K), 4 survivors (8192K)
 Metaspace       used 93999K, committed 94784K, reserved 1179648K
  class space    used 11512K, committed 11904K, reserved 1048576K
}
Event: 3852.048 GC heap after
{Heap after GC invocations=93 (full 6):
 garbage-first heap   total 157696K, used 50138K [0x0000000703e00000, 0x0000000800000000)
  region size 2048K, 5 young (10240K), 5 survivors (10240K)
 Metaspace       used 93999K, committed 94784K, reserved 1179648K
  class space    used 11512K, committed 11904K, reserved 1048576K
}
Event: 3852.479 GC heap before
{Heap before GC invocations=93 (full 6):
 garbage-first heap   total 157696K, used 123866K [0x0000000703e00000, 0x0000000800000000)
  region size 2048K, 41 young (83968K), 5 survivors (10240K)
 Metaspace       used 94002K, committed 94784K, reserved 1179648K
  class space    used 11512K, committed 11904K, reserved 1048576K
}
Event: 3852.488 GC heap after
{Heap after GC invocations=94 (full 6):
 garbage-first heap   total 157696K, used 51251K [0x0000000703e00000, 0x0000000800000000)
  region size 2048K, 4 young (8192K), 4 survivors (8192K)
 Metaspace       used 94002K, committed 94784K, reserved 1179648K
  class space    used 11512K, committed 11904K, reserved 1048576K
}
Event: 3860.921 GC heap before
{Heap before GC invocations=94 (full 6):
 garbage-first heap   total 157696K, used 124979K [0x0000000703e00000, 0x0000000800000000)
  region size 2048K, 40 young (81920K), 4 survivors (8192K)
 Metaspace       used 94006K, committed 94784K, reserved 1179648K
  class space    used 11512K, committed 11904K, reserved 1048576K
}
Event: 3860.929 GC heap after
{Heap after GC invocations=95 (full 6):
 garbage-first heap   total 190464K, used 51030K [0x0000000703e00000, 0x0000000800000000)
  region size 2048K, 3 young (6144K), 3 survivors (6144K)
 Metaspace       used 94006K, committed 94784K, reserved 1179648K
  class space    used 11512K, committed 11904K, reserved 1048576K
}
Event: 3860.963 GC heap before
{Heap before GC invocations=95 (full 6):
 garbage-first heap   total 190464K, used 53078K [0x0000000703e00000, 0x0000000800000000)
  region size 2048K, 5 young (10240K), 3 survivors (6144K)
 Metaspace       used 94009K, committed 94784K, reserved 1179648K
  class space    used 11513K, committed 11904K, reserved 1048576K
}
Event: 3861.055 GC heap after
{Heap after GC invocations=96 (full 7):
 garbage-first heap   total 137216K, used 34255K [0x0000000703e00000, 0x0000000800000000)
  region size 2048K, 0 young (0K), 0 survivors (0K)
 Metaspace       used 93956K, committed 94784K, reserved 1179648K
  class space    used 11503K, committed 11904K, reserved 1048576K
}
Event: 3863.097 GC heap before
{Heap before GC invocations=96 (full 7):
 garbage-first heap   total 137216K, used 107983K [0x0000000703e00000, 0x0000000800000000)
  region size 2048K, 36 young (73728K), 0 survivors (0K)
 Metaspace       used 94745K, committed 95552K, reserved 1179648K
  class space    used 11590K, committed 11968K, reserved 1048576K
}
Event: 3863.110 GC heap after
{Heap after GC invocations=97 (full 7):
 garbage-first heap   total 137216K, used 39843K [0x0000000703e00000, 0x0000000800000000)
  region size 2048K, 3 young (6144K), 3 survivors (6144K)
 Metaspace       used 94745K, committed 95552K, reserved 1179648K
  class space    used 11590K, committed 11968K, reserved 1048576K
}
Event: 3863.796 GC heap before
{Heap before GC invocations=97 (full 7):
 garbage-first heap   total 137216K, used 107427K [0x0000000703e00000, 0x0000000800000000)
  region size 2048K, 36 young (73728K), 3 survivors (6144K)
 Metaspace       used 95229K, committed 96064K, reserved 1179648K
  class space    used 11622K, committed 12032K, reserved 1048576K
}
Event: 3863.804 GC heap after
{Heap after GC invocations=98 (full 7):
 garbage-first heap   total 137216K, used 41775K [0x0000000703e00000, 0x0000000800000000)
  region size 2048K, 2 young (4096K), 2 survivors (4096K)
 Metaspace       used 95229K, committed 96064K, reserved 1179648K
  class space    used 11622K, committed 12032K, reserved 1048576K
}
Event: 3864.253 GC heap before
{Heap before GC invocations=98 (full 7):
 garbage-first heap   total 137216K, used 105263K [0x0000000703e00000, 0x0000000800000000)
  region size 2048K, 33 young (67584K), 2 survivors (4096K)
 Metaspace       used 95534K, committed 96320K, reserved 1179648K
  class space    used 11638K, committed 12032K, reserved 1048576K
}
Event: 3864.258 GC heap after
{Heap after GC invocations=99 (full 7):
 garbage-first heap   total 137216K, used 43103K [0x0000000703e00000, 0x0000000800000000)
  region size 2048K, 2 young (4096K), 2 survivors (4096K)
 Metaspace       used 95534K, committed 96320K, reserved 1179648K
  class space    used 11638K, committed 12032K, reserved 1048576K
}
Event: 3864.834 GC heap before
{Heap before GC invocations=99 (full 7):
 garbage-first heap   total 137216K, used 106591K [0x0000000703e00000, 0x0000000800000000)
  region size 2048K, 33 young (67584K), 2 survivors (4096K)
 Metaspace       used 95911K, committed 96768K, reserved 1179648K
  class space    used 11666K, committed 12096K, reserved 1048576K
}
Event: 3864.840 GC heap after
{Heap after GC invocations=100 (full 7):
 garbage-first heap   total 137216K, used 45078K [0x0000000703e00000, 0x0000000800000000)
  region size 2048K, 3 young (6144K), 3 survivors (6144K)
 Metaspace       used 95911K, committed 96768K, reserved 1179648K
  class space    used 11666K, committed 12096K, reserved 1048576K
}
Event: 3865.326 GC heap before
{Heap before GC invocations=100 (full 7):
 garbage-first heap   total 137216K, used 106518K [0x0000000703e00000, 0x0000000800000000)
  region size 2048K, 33 young (67584K), 3 survivors (6144K)
 Metaspace       used 96244K, committed 97088K, reserved 1179648K
  class space    used 11686K, committed 12096K, reserved 1048576K
}

